<?xml version="1.0" encoding="UTF-8"?>
<robot generator="Robot 3.2.2 (Python 3.10.11 on win32)" generated="20230601 15:10:49.015" rpa="false">
<suite id="s1" name="RobotTestNumero" source="D:\ToolsQA\RobotTestNumero">
<suite id="s1-s1" name="SearchHidanganTest" source="D:\ToolsQA\RobotTestNumero\SearchHidanganTest.robot">
<test id="s1-s1-t1" name="SearchHidangan100">
<kw name="Open Browser" library="SeleniumLibrary">
<doc>Opens a new browser instance to the optional ``url``.</doc>
<arguments>
<arg>http://api_numero_sada.test/login</arg>
<arg>chrome</arg>
</arguments>
<msg timestamp="20230601 15:10:49.793" level="INFO">Opening browser 'chrome' to base url 'http://api_numero_sada.test/login'.</msg>
<status status="PASS" starttime="20230601 15:10:49.791" endtime="20230601 15:10:53.280"></status>
</kw>
<kw name="Set Selenium Implicit Wait" library="SeleniumLibrary">
<doc>Sets the implicit wait value used by Selenium.</doc>
<arguments>
<arg>5</arg>
</arguments>
<status status="PASS" starttime="20230601 15:10:53.281" endtime="20230601 15:10:53.288"></status>
</kw>
<kw name="Sleep" library="BuiltIn">
<doc>Pauses the test executed for the given time.</doc>
<arguments>
<arg>2</arg>
</arguments>
<msg timestamp="20230601 15:10:55.299" level="INFO">Slept 2 seconds</msg>
<status status="PASS" starttime="20230601 15:10:53.288" endtime="20230601 15:10:55.299"></status>
</kw>
<kw name="Input Text" library="SeleniumLibrary">
<doc>Types the given ``text`` into the text field identified by ``locator``.</doc>
<arguments>
<arg>//*[@id="email"]</arg>
<arg>admin@gmail.com</arg>
</arguments>
<msg timestamp="20230601 15:10:55.301" level="INFO">Typing text 'admin@gmail.com' into text field '//*[@id="email"]'.</msg>
<status status="PASS" starttime="20230601 15:10:55.299" endtime="20230601 15:10:55.500"></status>
</kw>
<kw name="Input Password" library="SeleniumLibrary">
<doc>Types the given password into the text field identified by ``locator``.</doc>
<arguments>
<arg>//*[@id="password"]</arg>
<arg>password</arg>
</arguments>
<msg timestamp="20230601 15:10:55.501" level="INFO">Typing password into text field '//*[@id="password"]'.</msg>
<msg timestamp="20230601 15:10:55.554" level="INFO">Temporally setting log level to: NONE</msg>
<msg timestamp="20230601 15:10:55.634" level="INFO">Log level changed from NONE to INFO.</msg>
<status status="PASS" starttime="20230601 15:10:55.500" endtime="20230601 15:10:55.634"></status>
</kw>
<kw name="Click Element" library="SeleniumLibrary">
<doc>Click the element identified by ``locator``.</doc>
<arguments>
<arg>//*[@id="tombol_login"]</arg>
</arguments>
<msg timestamp="20230601 15:10:55.635" level="INFO">Clicking element '//*[@id="tombol_login"]'.</msg>
<status status="PASS" starttime="20230601 15:10:55.635" endtime="20230601 15:10:55.726"></status>
</kw>
<kw name="Click Element" library="SeleniumLibrary">
<doc>Click the element identified by ``locator``.</doc>
<arguments>
<arg>//*[@id="kt_body"]/div[2]/div/div[6]/button[1]</arg>
</arguments>
<msg timestamp="20230601 15:10:55.728" level="INFO">Clicking element '//*[@id="kt_body"]/div[2]/div/div[6]/button[1]'.</msg>
<status status="PASS" starttime="20230601 15:10:55.726" endtime="20230601 15:10:58.610"></status>
</kw>
<kw name="Sleep" library="BuiltIn">
<doc>Pauses the test executed for the given time.</doc>
<arguments>
<arg>2</arg>
</arguments>
<msg timestamp="20230601 15:11:00.623" level="INFO">Slept 2 seconds</msg>
<status status="PASS" starttime="20230601 15:10:58.610" endtime="20230601 15:11:00.623"></status>
</kw>
<kw name="Click Element" library="SeleniumLibrary">
<doc>Click the element identified by ``locator``.</doc>
<arguments>
<arg>//*[@id="#kt_aside_menu"]/div[2]/a/span[2]</arg>
</arguments>
<msg timestamp="20230601 15:11:00.624" level="INFO">Clicking element '//*[@id="#kt_aside_menu"]/div[2]/a/span[2]'.</msg>
<status status="PASS" starttime="20230601 15:11:00.623" endtime="20230601 15:11:02.246"></status>
</kw>
<kw name="Input Text" library="SeleniumLibrary">
<doc>Types the given ``text`` into the text field identified by ``locator``.</doc>
<arguments>
<arg>//*[@id="kt_content_container"]/div/div[1]/div[1]/div/input</arg>
<arg>Air Lemon</arg>
</arguments>
<msg timestamp="20230601 15:11:02.247" level="INFO">Typing text 'Air Lemon' into text field '//*[@id="kt_content_container"]/div/div[1]/div[1]/div/input'.</msg>
<status status="PASS" starttime="20230601 15:11:02.247" endtime="20230601 15:11:02.591"></status>
</kw>
<kw name="Sleep" library="BuiltIn">
<doc>Pauses the test executed for the given time.</doc>
<arguments>
<arg>5</arg>
</arguments>
<msg timestamp="20230601 15:11:07.600" level="INFO">Slept 5 seconds</msg>
<status status="PASS" starttime="20230601 15:11:02.591" endtime="20230601 15:11:07.600"></status>
</kw>
<kw name="Close Browser" library="SeleniumLibrary">
<doc>Closes the current browser.</doc>
<status status="PASS" starttime="20230601 15:11:07.601" endtime="20230601 15:11:12.664"></status>
</kw>
<kw name="Log" library="BuiltIn">
<doc>Logs the given message with the given level.</doc>
<arguments>
<arg>Test Completed</arg>
</arguments>
<msg timestamp="20230601 15:11:12.665" level="INFO">Test Completed</msg>
<status status="PASS" starttime="20230601 15:11:12.665" endtime="20230601 15:11:12.665"></status>
</kw>
<status status="PASS" starttime="20230601 15:10:49.789" endtime="20230601 15:11:12.666" critical="yes"></status>
</test>
<status status="PASS" starttime="20230601 15:10:49.183" endtime="20230601 15:11:12.667"></status>
</suite>
<status status="PASS" starttime="20230601 15:10:49.126" endtime="20230601 15:11:12.673"></status>
</suite>
<statistics>
<total>
<stat pass="1" fail="0">Critical Tests</stat>
<stat pass="1" fail="0">All Tests</stat>
</total>
<tag>
</tag>
<suite>
<stat pass="1" fail="0" id="s1" name="RobotTestNumero">RobotTestNumero</stat>
<stat pass="1" fail="0" id="s1-s1" name="SearchHidanganTest">RobotTestNumero.SearchHidanganTest</stat>
</suite>
</statistics>
<errors>
</errors>
</robot>
